<?xml version="1.0" encoding="UTF-8"?>
<testng-results ignored="0" total="4" passed="4" failed="0" skipped="0">
  <reporter-output>
  </reporter-output>
  <suite started-at="2023-06-24T23:48:37 IST" name="Suite" finished-at="2023-06-24T23:49:21 IST" duration-ms="43987">
    <groups>
    </groups>
    <test started-at="2023-06-24T23:48:37 IST" name="Test" finished-at="2023-06-24T23:49:21 IST" duration-ms="43987">
      <class name="testing_trello.api_test_trello">
        <test-method signature="beforetest()[pri:0, instance:testing_trello.api_test_trello@f0da945]" started-at="2023-06-24T23:48:37 IST" name="beforetest" finished-at="2023-06-24T23:49:19 IST" duration-ms="41544" status="PASS">
          <reporter-output>
          </reporter-output>
        </test-method> <!-- beforetest -->
        <test-method signature="create_board()[pri:1, instance:testing_trello.api_test_trello@f0da945]" started-at="2023-06-24T23:49:19 IST" name="create_board" finished-at="2023-06-24T23:49:19 IST" duration-ms="637" status="PASS">
          <reporter-output>
          </reporter-output>
        </test-method> <!-- create_board -->
        <test-method signature="get_board()[pri:2, instance:testing_trello.api_test_trello@f0da945]" started-at="2023-06-24T23:49:19 IST" name="get_board" finished-at="2023-06-24T23:49:20 IST" duration-ms="445" status="PASS">
          <reporter-output>
          </reporter-output>
        </test-method> <!-- get_board -->
        <test-method signature="delete_board()[pri:3, instance:testing_trello.api_test_trello@f0da945]" started-at="2023-06-24T23:49:20 IST" name="delete_board" finished-at="2023-06-24T23:49:21 IST" duration-ms="1325" status="PASS">
          <reporter-output>
          </reporter-output>
        </test-method> <!-- delete_board -->
      </class> <!-- testing_trello.api_test_trello -->
    </test> <!-- Test -->
  </suite> <!-- Suite -->
</testng-results>
