<?xml version="1.0" encoding="UTF-8"?>
<!-- Generated by org.testng.reporters.JUnitXMLReporter -->
<testsuite ignored="0" hostname="Shashidhar" failures="0" tests="4" name="Test" time="43.987" errors="0" timestamp="2023-06-24T23:49:21 IST">
  <testcase classname="testing_trello.api_test_trello" name="beforetest" time="41.544"/>
  <testcase classname="testing_trello.api_test_trello" name="create_board" time="0.637"/>
  <testcase classname="testing_trello.api_test_trello" name="get_board" time="0.445"/>
  <testcase classname="testing_trello.api_test_trello" name="delete_board" time="1.325"/>
</testsuite> <!-- Test -->
